<?xml version="1.0" encoding="UTF-8"?>
<testsuite xmlns:xsi="http://www.w3.org/2001/XMLSchema-instance" xsi:noNamespaceSchemaLocation="https://maven.apache.org/surefire/maven-surefire-plugin/xsd/surefire-test-report-3.0.xsd" version="3.0" name="com.example.lowcode.QueryControllerTest" time="0.16" tests="4" errors="0" skipped="0" failures="0">
  <properties>
[...]
</properties>
  <testcase name="testExecuteQueryWithDynamicSchema" classname="com.example.lowcode.QueryControllerTest" time="0.08">
    <system-out><![CDATA[2026-06-22T08:31:15.271Z  INFO 1402927 --- [           main] t.c.s.AnnotationConfigContextLoaderUtils : Could not detect default configuration classes for test class [com.example.lowcode.QueryControllerTest]: QueryControllerTest does not declare any static, non-private, non-final, nested classes annotated with @Configuration.
2026-06-22T08:31:15.274Z  INFO 1402927 --- [           main] .b.t.c.SpringBootTestContextBootstrapper : Found @SpringBootConfiguration com.example.lowcode.LowcodeApplication for test class com.example.lowcode.QueryControllerTest
]]></system-out>
  </testcase>
  <testcase name="testExecuteRawSql" classname="com.example.lowcode.QueryControllerTest" time="0.014"/>
  <testcase name="testExecuteQuery" classname="com.example.lowcode.QueryControllerTest" time="0.015"/>
  <testcase name="testQueryAndEntityConfiguration" classname="com.example.lowcode.QueryControllerTest" time="0.035"/>
</testsuite>